<?xml version="1.0" encoding="UTF-8" ?>
<testsuite tests="24" failures="8" name="io.cucumber.vm.RunCucumberTest" time="0.285" errors="0" skipped="8">
  <properties>
[...]
</properties>
  <testcase classname="Vending Machine" name="Have Product and user have exact amount of money" time="0.162"/>
  <testcase classname="Vending Machine" name="Have Product and user have exact amount of money" time="0.007"/>
  <testcase classname="Vending Machine" name="Have Product and user have exact amount of money" time="0"/>
  <testcase classname="Vending Machine" name="Have Product and user have exact amount of money" time="0.016"/>
  <testcase classname="Vending Machine" name="Have Product and user have exact amount of money" time="0"/>
  <testcase classname="Vending Machine" name="Have Product and user have exact amount of money" time="0"/>
  <testcase classname="Vending Machine" name="Have Product and user have exact amount of money" time="0.015"/>
  <testcase classname="Vending Machine" name="Have Product and user have exact amount of money" time="0"/>
  <testcase classname="Vending Machine" name="Have Product and user to receive change" time="0.016">
    <failure type="java.lang.AssertionError">java.lang.AssertionError
	at org.junit.Assert.fail(Assert.java:87)
	at org.junit.Assert.assertTrue(Assert.java:42)
	at org.junit.Assert.assertTrue(Assert.java:53)
	at io.cucumber.vm.StepDefs.theInventoryStockOfProductMustBeEqualToArg0Units(StepDefs.java:58)
	at ✽.the inventory stock of &quot;chips&quot; must be equal to 9 units(classpath:io/cucumber/vm/vm.feature:49)
</failure>
    <system-out>
@tag @tag2
Scenario Outline: Have Product and user to receive change      &amp;#27;[90m# io/cucumber/vm/vm.feature:54&amp;#27;[0m
  &amp;#27;[32mGiven &amp;#27;[0m&amp;#27;[32mthere exists a vending machine&amp;#27;[0m                         &amp;#27;[90m# io.cucumber.vm.StepDefs.thereExistsAVendingMachine()&amp;#27;[0m
  &amp;#27;[32mAnd &amp;#27;[0m&amp;#27;[32mit has &amp;#27;[0m&amp;#27;[32m&amp;#27;[1m10&amp;#27;[0m&amp;#27;[32m &amp;#27;[0m&amp;#27;[32m&amp;#27;[1m&quot;chips&quot;&amp;#27;[0m&amp;#27;[32m in its inventory&amp;#27;[0m                       &amp;#27;[90m# io.cucumber.vm.StepDefs.itHasArg0ProductInItsInventory(int,java.lang.String)&amp;#27;[0m
  &amp;#27;[32mWhen &amp;#27;[0m&amp;#27;[32mthe user inserts the &amp;#27;[0m&amp;#27;[32m&amp;#27;[1m2.50&amp;#27;[0m&amp;#27;[32m dollars&amp;#27;[0m                       &amp;#27;[90m# io.cucumber.vm.StepDefs.theUserInsertsTheMoneyDollars(double)&amp;#27;[0m
  &amp;#27;[32mAnd &amp;#27;[0m&amp;#27;[32mselects the &amp;#27;[0m&amp;#27;[32m&amp;#27;[1m&quot;chips&quot;&amp;#27;[0m                                      &amp;#27;[90m# io.cucumber.vm.StepDefs.selectsTheProduct(java.lang.String)&amp;#27;[0m
  &amp;#27;[32mAnd &amp;#27;[0m&amp;#27;[32mthe &amp;#27;[0m&amp;#27;[32m&amp;#27;[1m&quot;chips&quot;&amp;#27;[0m&amp;#27;[32m leaves the machine&amp;#27;[0m                           &amp;#27;[90m# io.cucumber.vm.StepDefs.theProductLeavesTheMachine(java.lang.String)&amp;#27;[0m
  &amp;#27;[31mThen &amp;#27;[0m&amp;#27;[31mthe inventory stock of &amp;#27;[0m&amp;#27;[31m&amp;#27;[1m&quot;chips&quot;&amp;#27;[0m&amp;#27;[31m must be equal to &amp;#27;[0m&amp;#27;[31m&amp;#27;[1m9&amp;#27;[0m&amp;#27;[31m units&amp;#27;[0m &amp;#27;[90m# io.cucumber.vm.StepDefs.theInventoryStockOfProductMustBeEqualToArg0Units(java.lang.String,int)&amp;#27;[0m
      &amp;#27;[31mjava.lang.AssertionError
	at org.junit.Assert.fail(Assert.java:87)
	at org.junit.Assert.assertTrue(Assert.java:42)
	at org.junit.Assert.assertTrue(Assert.java:53)
	at io.cucumber.vm.StepDefs.theInventoryStockOfProductMustBeEqualToArg0Units(StepDefs.java:58)
	at ?.the inventory stock of &quot;chips&quot; must be equal to 9 units(classpath:io/cucumber/vm/vm.feature:49)
&amp;#27;[0m
  &amp;#27;[36mAnd &amp;#27;[0m&amp;#27;[36mthe vending machine gives &amp;#27;[0m&amp;#27;[36m&amp;#27;[1m0.50&amp;#27;[0m&amp;#27;[36m back&amp;#27;[0m                      &amp;#27;[90m# io.cucumber.vm.StepDefs.theVendingMachineGivesChangeBack(double)&amp;#27;[0m
</system-out>
  </testcase>
  <testcase classname="Vending Machine" name="Have Product and user to receive change" time="0">
    <failure type="java.lang.AssertionError">java.lang.AssertionError
	at org.junit.Assert.fail(Assert.java:87)
	at org.junit.Assert.assertTrue(Assert.java:42)
	at org.junit.Assert.assertTrue(Assert.java:53)
	at io.cucumber.vm.StepDefs.theInventoryStockOfProductMustBeEqualToArg0Units(StepDefs.java:58)
	at ✽.the inventory stock of &quot;chocolate&quot; must be equal to 9 units(classpath:io/cucumber/vm/vm.feature:49)
</failure>
    <system-out>
@tag @tag2
Scenario Outline: Have Product and user to receive change          &amp;#27;[90m# io/cucumber/vm/vm.feature:55&amp;#27;[0m
  &amp;#27;[32mGiven &amp;#27;[0m&amp;#27;[32mthere exists a vending machine&amp;#27;[0m                             &amp;#27;[90m# io.cucumber.vm.StepDefs.thereExistsAVendingMachine()&amp;#27;[0m
  &amp;#27;[32mAnd &amp;#27;[0m&amp;#27;[32mit has &amp;#27;[0m&amp;#27;[32m&amp;#27;[1m10&amp;#27;[0m&amp;#27;[32m &amp;#27;[0m&amp;#27;[32m&amp;#27;[1m&quot;chocolate&quot;&amp;#27;[0m&amp;#27;[32m in its inventory&amp;#27;[0m                       &amp;#27;[90m# io.cucumber.vm.StepDefs.itHasArg0ProductInItsInventory(int,java.lang.String)&amp;#27;[0m
  &amp;#27;[32mWhen &amp;#27;[0m&amp;#27;[32mthe user inserts the &amp;#27;[0m&amp;#27;[32m&amp;#27;[1m3.50&amp;#27;[0m&amp;#27;[32m dollars&amp;#27;[0m                           &amp;#27;[90m# io.cucumber.vm.StepDefs.theUserInsertsTheMoneyDollars(double)&amp;#27;[0m
  &amp;#27;[32mAnd &amp;#27;[0m&amp;#27;[32mselects the &amp;#27;[0m&amp;#27;[32m&amp;#27;[1m&quot;chocolate&quot;&amp;#27;[0m                                      &amp;#27;[90m# io.cucumber.vm.StepDefs.selectsTheProduct(java.lang.String)&amp;#27;[0m
  &amp;#27;[32mAnd &amp;#27;[0m&amp;#27;[32mthe &amp;#27;[0m&amp;#27;[32m&amp;#27;[1m&quot;chocolate&quot;&amp;#27;[0m&amp;#27;[32m leaves the machine&amp;#27;[0m                           &amp;#27;[90m# io.cucumber.vm.StepDefs.theProductLeavesTheMachine(java.lang.String)&amp;#27;[0m
  &amp;#27;[31mThen &amp;#27;[0m&amp;#27;[31mthe inventory stock of &amp;#27;[0m&amp;#27;[31m&amp;#27;[1m&quot;chocolate&quot;&amp;#27;[0m&amp;#27;[31m must be equal to &amp;#27;[0m&amp;#27;[31m&amp;#27;[1m9&amp;#27;[0m&amp;#27;[31m units&amp;#27;[0m &amp;#27;[90m# io.cucumber.vm.StepDefs.theInventoryStockOfProductMustBeEqualToArg0Units(java.lang.String,int)&amp;#27;[0m
      &amp;#27;[31mjava.lang.AssertionError
	at org.junit.Assert.fail(Assert.java:87)
	at org.junit.Assert.assertTrue(Assert.java:42)
	at org.junit.Assert.assertTrue(Assert.java:53)
	at io.cucumber.vm.StepDefs.theInventoryStockOfProductMustBeEqualToArg0Units(StepDefs.java:58)
	at ?.the inventory stock of &quot;chocolate&quot; must be equal to 9 units(classpath:io/cucumber/vm/vm.feature:49)
&amp;#27;[0m
  &amp;#27;[36mAnd &amp;#27;[0m&amp;#27;[36mthe vending machine gives &amp;#27;[0m&amp;#27;[36m&amp;#27;[1m1.00&amp;#27;[0m&amp;#27;[36m back&amp;#27;[0m                          &amp;#27;[90m# io.cucumber.vm.StepDefs.theVendingMachineGivesChangeBack(double)&amp;#27;[0m
</system-out>
  </testcase>
  <testcase classname="Vending Machine" name="Have Product and user to receive change" time="0">
    <failure type="java.lang.AssertionError">java.lang.AssertionError
	at org.junit.Assert.fail(Assert.java:87)
	at org.junit.Assert.assertTrue(Assert.java:42)
	at org.junit.Assert.assertTrue(Assert.java:53)
	at io.cucumber.vm.StepDefs.theInventoryStockOfProductMustBeEqualToArg0Units(StepDefs.java:58)
	at ✽.the inventory stock of &quot;cookie&quot; must be equal to 9 units(classpath:io/cucumber/vm/vm.feature:49)
</failure>
    <system-out>
@tag @tag2
Scenario Outline: Have Product and user to receive change       &amp;#27;[90m# io/cucumber/vm/vm.feature:56&amp;#27;[0m
  &amp;#27;[32mGiven &amp;#27;[0m&amp;#27;[32mthere exists a vending machine&amp;#27;[0m                          &amp;#27;[90m# io.cucumber.vm.StepDefs.thereExistsAVendingMachine()&amp;#27;[0m
  &amp;#27;[32mAnd &amp;#27;[0m&amp;#27;[32mit has &amp;#27;[0m&amp;#27;[32m&amp;#27;[1m10&amp;#27;[0m&amp;#27;[32m &amp;#27;[0m&amp;#27;[32m&amp;#27;[1m&quot;cookie&quot;&amp;#27;[0m&amp;#27;[32m in its inventory&amp;#27;[0m                       &amp;#27;[90m# io.cucumber.vm.StepDefs.itHasArg0ProductInItsInventory(int,java.lang.String)&amp;#27;[0m
  &amp;#27;[32mWhen &amp;#27;[0m&amp;#27;[32mthe user inserts the &amp;#27;[0m&amp;#27;[32m&amp;#27;[1m2.00&amp;#27;[0m&amp;#27;[32m dollars&amp;#27;[0m                        &amp;#27;[90m# io.cucumber.vm.StepDefs.theUserInsertsTheMoneyDollars(double)&amp;#27;[0m
  &amp;#27;[32mAnd &amp;#27;[0m&amp;#27;[32mselects the &amp;#27;[0m&amp;#27;[32m&amp;#27;[1m&quot;cookie&quot;&amp;#27;[0m                                      &amp;#27;[90m# io.cucumber.vm.StepDefs.selectsTheProduct(java.lang.String)&amp;#27;[0m
  &amp;#27;[32mAnd &amp;#27;[0m&amp;#27;[32mthe &amp;#27;[0m&amp;#27;[32m&amp;#27;[1m&quot;cookie&quot;&amp;#27;[0m&amp;#27;[32m leaves the machine&amp;#27;[0m                           &amp;#27;[90m# io.cucumber.vm.StepDefs.theProductLeavesTheMachine(java.lang.String)&amp;#27;[0m
  &amp;#27;[31mThen &amp;#27;[0m&amp;#27;[31mthe inventory stock of &amp;#27;[0m&amp;#27;[31m&amp;#27;[1m&quot;cookie&quot;&amp;#27;[0m&amp;#27;[31m must be equal to &amp;#27;[0m&amp;#27;[31m&amp;#27;[1m9&amp;#27;[0m&amp;#27;[31m units&amp;#27;[0m &amp;#27;[90m# io.cucumber.vm.StepDefs.theInventoryStockOfProductMustBeEqualToArg0Units(java.lang.String,int)&amp;#27;[0m
      &amp;#27;[31mjava.lang.AssertionError
	at org.junit.Assert.fail(Assert.java:87)
	at org.junit.Assert.assertTrue(Assert.java:42)
	at org.junit.Assert.assertTrue(Assert.java:53)
	at io.cucumber.vm.StepDefs.theInventoryStockOfProductMustBeEqualToArg0Units(StepDefs.java:58)
	at ?.the inventory stock of &quot;cookie&quot; must be equal to 9 units(classpath:io/cucumber/vm/vm.feature:49)
&amp;#27;[0m
  &amp;#27;[36mAnd &amp;#27;[0m&amp;#27;[36mthe vending machine gives &amp;#27;[0m&amp;#27;[36m&amp;#27;[1m0.25&amp;#27;[0m&amp;#27;[36m back&amp;#27;[0m                       &amp;#27;[90m# io.cucumber.vm.StepDefs.theVendingMachineGivesChangeBack(double)&amp;#27;[0m
</system-out>
  </testcase>
  <testcase classname="Vending Machine" name="Have Product and user to receive change" time="0.015">
    <failure type="java.lang.AssertionError">java.lang.AssertionError
	at org.junit.Assert.fail(Assert.java:87)
	at org.junit.Assert.assertTrue(Assert.java:42)
	at org.junit.Assert.assertTrue(Assert.java:53)
	at io.cucumber.vm.StepDefs.theInventoryStockOfProductMustBeEqualToArg0Units(StepDefs.java:58)
	at ✽.the inventory stock of &quot;candy&quot; must be equal to 9 units(classpath:io/cucumber/vm/vm.feature:49)
</failure>
    <system-out>
@tag @tag2
Scenario Outline: Have Product and user to receive change      &amp;#27;[90m# io/cucumber/vm/vm.feature:57&amp;#27;[0m
  &amp;#27;[32mGiven &amp;#27;[0m&amp;#27;[32mthere exists a vending machine&amp;#27;[0m                         &amp;#27;[90m# io.cucumber.vm.StepDefs.thereExistsAVendingMachine()&amp;#27;[0m
  &amp;#27;[32mAnd &amp;#27;[0m&amp;#27;[32mit has &amp;#27;[0m&amp;#27;[32m&amp;#27;[1m10&amp;#27;[0m&amp;#27;[32m &amp;#27;[0m&amp;#27;[32m&amp;#27;[1m&quot;candy&quot;&amp;#27;[0m&amp;#27;[32m in its inventory&amp;#27;[0m                       &amp;#27;[90m# io.cucumber.vm.StepDefs.itHasArg0ProductInItsInventory(int,java.lang.String)&amp;#27;[0m
  &amp;#27;[32mWhen &amp;#27;[0m&amp;#27;[32mthe user inserts the &amp;#27;[0m&amp;#27;[32m&amp;#27;[1m2.00&amp;#27;[0m&amp;#27;[32m dollars&amp;#27;[0m                       &amp;#27;[90m# io.cucumber.vm.StepDefs.theUserInsertsTheMoneyDollars(double)&amp;#27;[0m
  &amp;#27;[32mAnd &amp;#27;[0m&amp;#27;[32mselects the &amp;#27;[0m&amp;#27;[32m&amp;#27;[1m&quot;candy&quot;&amp;#27;[0m                                      &amp;#27;[90m# io.cucumber.vm.StepDefs.selectsTheProduct(java.lang.String)&amp;#27;[0m
  &amp;#27;[32mAnd &amp;#27;[0m&amp;#27;[32mthe &amp;#27;[0m&amp;#27;[32m&amp;#27;[1m&quot;candy&quot;&amp;#27;[0m&amp;#27;[32m leaves the machine&amp;#27;[0m                           &amp;#27;[90m# io.cucumber.vm.StepDefs.theProductLeavesTheMachine(java.lang.String)&amp;#27;[0m
  &amp;#27;[31mThen &amp;#27;[0m&amp;#27;[31mthe inventory stock of &amp;#27;[0m&amp;#27;[31m&amp;#27;[1m&quot;candy&quot;&amp;#27;[0m&amp;#27;[31m must be equal to &amp;#27;[0m&amp;#27;[31m&amp;#27;[1m9&amp;#27;[0m&amp;#27;[31m units&amp;#27;[0m &amp;#27;[90m# io.cucumber.vm.StepDefs.theInventoryStockOfProductMustBeEqualToArg0Units(java.lang.String,int)&amp;#27;[0m
      &amp;#27;[31mjava.lang.AssertionError
	at org.junit.Assert.fail(Assert.java:87)
	at org.junit.Assert.assertTrue(Assert.java:42)
	at org.junit.Assert.assertTrue(Assert.java:53)
	at io.cucumber.vm.StepDefs.theInventoryStockOfProductMustBeEqualToArg0Units(StepDefs.java:58)
	at ?.the inventory stock of &quot;candy&quot; must be equal to 9 units(classpath:io/cucumber/vm/vm.feature:49)
&amp;#27;[0m
  &amp;#27;[36mAnd &amp;#27;[0m&amp;#27;[36mthe vending machine gives &amp;#27;[0m&amp;#27;[36m&amp;#27;[1m0.50&amp;#27;[0m&amp;#27;[36m back&amp;#27;[0m                      &amp;#27;[90m# io.cucumber.vm.StepDefs.theVendingMachineGivesChangeBack(double)&amp;#27;[0m
</system-out>
  </testcase>
  <testcase classname="Vending Machine" name="Have Product and user to receive change" time="0">
    <failure type="java.lang.AssertionError">java.lang.AssertionError
	at org.junit.Assert.fail(Assert.java:87)
	at org.junit.Assert.assertTrue(Assert.java:42)
	at org.junit.Assert.assertTrue(Assert.java:53)
	at io.cucumber.vm.StepDefs.theInventoryStockOfProductMustBeEqualToArg0Units(StepDefs.java:58)
	at ✽.the inventory stock of &quot;juice&quot; must be equal to 9 units(classpath:io/cucumber/vm/vm.feature:49)
</failure>
    <system-out>
@tag @tag2
Scenario Outline: Have Product and user to receive change      &amp;#27;[90m# io/cucumber/vm/vm.feature:58&amp;#27;[0m
  &amp;#27;[32mGiven &amp;#27;[0m&amp;#27;[32mthere exists a vending machine&amp;#27;[0m                         &amp;#27;[90m# io.cucumber.vm.StepDefs.thereExistsAVendingMachine()&amp;#27;[0m
  &amp;#27;[32mAnd &amp;#27;[0m&amp;#27;[32mit has &amp;#27;[0m&amp;#27;[32m&amp;#27;[1m10&amp;#27;[0m&amp;#27;[32m &amp;#27;[0m&amp;#27;[32m&amp;#27;[1m&quot;juice&quot;&amp;#27;[0m&amp;#27;[32m in its inventory&amp;#27;[0m                       &amp;#27;[90m# io.cucumber.vm.StepDefs.itHasArg0ProductInItsInventory(int,java.lang.String)&amp;#27;[0m
  &amp;#27;[32mWhen &amp;#27;[0m&amp;#27;[32mthe user inserts the &amp;#27;[0m&amp;#27;[32m&amp;#27;[1m5.00&amp;#27;[0m&amp;#27;[32m dollars&amp;#27;[0m                       &amp;#27;[90m# io.cucumber.vm.StepDefs.theUserInsertsTheMoneyDollars(double)&amp;#27;[0m
  &amp;#27;[32mAnd &amp;#27;[0m&amp;#27;[32mselects the &amp;#27;[0m&amp;#27;[32m&amp;#27;[1m&quot;juice&quot;&amp;#27;[0m                                      &amp;#27;[90m# io.cucumber.vm.StepDefs.selectsTheProduct(java.lang.String)&amp;#27;[0m
  &amp;#27;[32mAnd &amp;#27;[0m&amp;#27;[32mthe &amp;#27;[0m&amp;#27;[32m&amp;#27;[1m&quot;juice&quot;&amp;#27;[0m&amp;#27;[32m leaves the machine&amp;#27;[0m                           &amp;#27;[90m# io.cucumber.vm.StepDefs.theProductLeavesTheMachine(java.lang.String)&amp;#27;[0m
  &amp;#27;[31mThen &amp;#27;[0m&amp;#27;[31mthe inventory stock of &amp;#27;[0m&amp;#27;[31m&amp;#27;[1m&quot;juice&quot;&amp;#27;[0m&amp;#27;[31m must be equal to &amp;#27;[0m&amp;#27;[31m&amp;#27;[1m9&amp;#27;[0m&amp;#27;[31m units&amp;#27;[0m &amp;#27;[90m# io.cucumber.vm.StepDefs.theInventoryStockOfProductMustBeEqualToArg0Units(java.lang.String,int)&amp;#27;[0m
      &amp;#27;[31mjava.lang.AssertionError
	at org.junit.Assert.fail(Assert.java:87)
	at org.junit.Assert.assertTrue(Assert.java:42)
	at org.junit.Assert.assertTrue(Assert.java:53)
	at io.cucumber.vm.StepDefs.theInventoryStockOfProductMustBeEqualToArg0Units(StepDefs.java:58)
	at ?.the inventory stock of &quot;juice&quot; must be equal to 9 units(classpath:io/cucumber/vm/vm.feature:49)
&amp;#27;[0m
  &amp;#27;[36mAnd &amp;#27;[0m&amp;#27;[36mthe vending machine gives &amp;#27;[0m&amp;#27;[36m&amp;#27;[1m1.75&amp;#27;[0m&amp;#27;[36m back&amp;#27;[0m                      &amp;#27;[90m# io.cucumber.vm.StepDefs.theVendingMachineGivesChangeBack(double)&amp;#27;[0m
</system-out>
  </testcase>
  <testcase classname="Vending Machine" name="Have Product and user to receive change" time="0">
    <failure type="java.lang.AssertionError">java.lang.AssertionError
	at org.junit.Assert.fail(Assert.java:87)
	at org.junit.Assert.assertTrue(Assert.java:42)
	at org.junit.Assert.assertTrue(Assert.java:53)
	at io.cucumber.vm.StepDefs.theInventoryStockOfProductMustBeEqualToArg0Units(StepDefs.java:58)
	at ✽.the inventory stock of &quot;water&quot; must be equal to 9 units(classpath:io/cucumber/vm/vm.feature:49)
</failure>
    <system-out>
@tag @tag2
Scenario Outline: Have Product and user to receive change      &amp;#27;[90m# io/cucumber/vm/vm.feature:59&amp;#27;[0m
  &amp;#27;[32mGiven &amp;#27;[0m&amp;#27;[32mthere exists a vending machine&amp;#27;[0m                         &amp;#27;[90m# io.cucumber.vm.StepDefs.thereExistsAVendingMachine()&amp;#27;[0m
  &amp;#27;[32mAnd &amp;#27;[0m&amp;#27;[32mit has &amp;#27;[0m&amp;#27;[32m&amp;#27;[1m10&amp;#27;[0m&amp;#27;[32m &amp;#27;[0m&amp;#27;[32m&amp;#27;[1m&quot;water&quot;&amp;#27;[0m&amp;#27;[32m in its inventory&amp;#27;[0m                       &amp;#27;[90m# io.cucumber.vm.StepDefs.itHasArg0ProductInItsInventory(int,java.lang.String)&amp;#27;[0m
  &amp;#27;[32mWhen &amp;#27;[0m&amp;#27;[32mthe user inserts the &amp;#27;[0m&amp;#27;[32m&amp;#27;[1m3.00&amp;#27;[0m&amp;#27;[32m dollars&amp;#27;[0m                       &amp;#27;[90m# io.cucumber.vm.StepDefs.theUserInsertsTheMoneyDollars(double)&amp;#27;[0m
  &amp;#27;[32mAnd &amp;#27;[0m&amp;#27;[32mselects the &amp;#27;[0m&amp;#27;[32m&amp;#27;[1m&quot;water&quot;&amp;#27;[0m                                      &amp;#27;[90m# io.cucumber.vm.StepDefs.selectsTheProduct(java.lang.String)&amp;#27;[0m
  &amp;#27;[32mAnd &amp;#27;[0m&amp;#27;[32mthe &amp;#27;[0m&amp;#27;[32m&amp;#27;[1m&quot;water&quot;&amp;#27;[0m&amp;#27;[32m leaves the machine&amp;#27;[0m                           &amp;#27;[90m# io.cucumber.vm.StepDefs.theProductLeavesTheMachine(java.lang.String)&amp;#27;[0m
  &amp;#27;[31mThen &amp;#27;[0m&amp;#27;[31mthe inventory stock of &amp;#27;[0m&amp;#27;[31m&amp;#27;[1m&quot;water&quot;&amp;#27;[0m&amp;#27;[31m must be equal to &amp;#27;[0m&amp;#27;[31m&amp;#27;[1m9&amp;#27;[0m&amp;#27;[31m units&amp;#27;[0m &amp;#27;[90m# io.cucumber.vm.StepDefs.theInventoryStockOfProductMustBeEqualToArg0Units(java.lang.String,int)&amp;#27;[0m
      &amp;#27;[31mjava.lang.AssertionError
	at org.junit.Assert.fail(Assert.java:87)
	at org.junit.Assert.assertTrue(Assert.java:42)
	at org.junit.Assert.assertTrue(Assert.java:53)
	at io.cucumber.vm.StepDefs.theInventoryStockOfProductMustBeEqualToArg0Units(StepDefs.java:58)
	at ?.the inventory stock of &quot;water&quot; must be equal to 9 units(classpath:io/cucumber/vm/vm.feature:49)
&amp;#27;[0m
  &amp;#27;[36mAnd &amp;#27;[0m&amp;#27;[36mthe vending machine gives &amp;#27;[0m&amp;#27;[36m&amp;#27;[1m1.50&amp;#27;[0m&amp;#27;[36m back&amp;#27;[0m                      &amp;#27;[90m# io.cucumber.vm.StepDefs.theVendingMachineGivesChangeBack(double)&amp;#27;[0m
</system-out>
  </testcase>
  <testcase classname="Vending Machine" name="Have Product and user to receive change" time="0">
    <failure type="java.lang.AssertionError">java.lang.AssertionError
	at org.junit.Assert.fail(Assert.java:87)
	at org.junit.Assert.assertTrue(Assert.java:42)
	at org.junit.Assert.assertTrue(Assert.java:53)
	at io.cucumber.vm.StepDefs.theInventoryStockOfProductMustBeEqualToArg0Units(StepDefs.java:58)
	at ✽.the inventory stock of &quot;coke&quot; must be equal to 9 units(classpath:io/cucumber/vm/vm.feature:49)
</failure>
    <system-out>
@tag @tag2
Scenario Outline: Have Product and user to receive change     &amp;#27;[90m# io/cucumber/vm/vm.feature:60&amp;#27;[0m
  &amp;#27;[32mGiven &amp;#27;[0m&amp;#27;[32mthere exists a vending machine&amp;#27;[0m                        &amp;#27;[90m# io.cucumber.vm.StepDefs.thereExistsAVendingMachine()&amp;#27;[0m
  &amp;#27;[32mAnd &amp;#27;[0m&amp;#27;[32mit has &amp;#27;[0m&amp;#27;[32m&amp;#27;[1m10&amp;#27;[0m&amp;#27;[32m &amp;#27;[0m&amp;#27;[32m&amp;#27;[1m&quot;coke&quot;&amp;#27;[0m&amp;#27;[32m in its inventory&amp;#27;[0m                       &amp;#27;[90m# io.cucumber.vm.StepDefs.itHasArg0ProductInItsInventory(int,java.lang.String)&amp;#27;[0m
  &amp;#27;[32mWhen &amp;#27;[0m&amp;#27;[32mthe user inserts the &amp;#27;[0m&amp;#27;[32m&amp;#27;[1m3.00&amp;#27;[0m&amp;#27;[32m dollars&amp;#27;[0m                      &amp;#27;[90m# io.cucumber.vm.StepDefs.theUserInsertsTheMoneyDollars(double)&amp;#27;[0m
  &amp;#27;[32mAnd &amp;#27;[0m&amp;#27;[32mselects the &amp;#27;[0m&amp;#27;[32m&amp;#27;[1m&quot;coke&quot;&amp;#27;[0m                                      &amp;#27;[90m# io.cucumber.vm.StepDefs.selectsTheProduct(java.lang.String)&amp;#27;[0m
  &amp;#27;[32mAnd &amp;#27;[0m&amp;#27;[32mthe &amp;#27;[0m&amp;#27;[32m&amp;#27;[1m&quot;coke&quot;&amp;#27;[0m&amp;#27;[32m leaves the machine&amp;#27;[0m                           &amp;#27;[90m# io.cucumber.vm.StepDefs.theProductLeavesTheMachine(java.lang.String)&amp;#27;[0m
  &amp;#27;[31mThen &amp;#27;[0m&amp;#27;[31mthe inventory stock of &amp;#27;[0m&amp;#27;[31m&amp;#27;[1m&quot;coke&quot;&amp;#27;[0m&amp;#27;[31m must be equal to &amp;#27;[0m&amp;#27;[31m&amp;#27;[1m9&amp;#27;[0m&amp;#27;[31m units&amp;#27;[0m &amp;#27;[90m# io.cucumber.vm.StepDefs.theInventoryStockOfProductMustBeEqualToArg0Units(java.lang.String,int)&amp;#27;[0m
      &amp;#27;[31mjava.lang.AssertionError
	at org.junit.Assert.fail(Assert.java:87)
	at org.junit.Assert.assertTrue(Assert.java:42)
	at org.junit.Assert.assertTrue(Assert.java:53)
	at io.cucumber.vm.StepDefs.theInventoryStockOfProductMustBeEqualToArg0Units(StepDefs.java:58)
	at ?.the inventory stock of &quot;coke&quot; must be equal to 9 units(classpath:io/cucumber/vm/vm.feature:49)
&amp;#27;[0m
  &amp;#27;[36mAnd &amp;#27;[0m&amp;#27;[36mthe vending machine gives &amp;#27;[0m&amp;#27;[36m&amp;#27;[1m0.75&amp;#27;[0m&amp;#27;[36m back&amp;#27;[0m                     &amp;#27;[90m# io.cucumber.vm.StepDefs.theVendingMachineGivesChangeBack(double)&amp;#27;[0m
</system-out>
  </testcase>
  <testcase classname="Vending Machine" name="Have Product and user to receive change" time="0.016">
    <failure type="java.lang.AssertionError">java.lang.AssertionError
	at org.junit.Assert.fail(Assert.java:87)
	at org.junit.Assert.assertTrue(Assert.java:42)
	at org.junit.Assert.assertTrue(Assert.java:53)
	at io.cucumber.vm.StepDefs.theInventoryStockOfProductMustBeEqualToArg0Units(StepDefs.java:58)
	at ✽.the inventory stock of &quot;pepsi&quot; must be equal to 9 units(classpath:io/cucumber/vm/vm.feature:49)
</failure>
    <system-out>
@tag @tag2
Scenario Outline: Have Product and user to receive change      &amp;#27;[90m# io/cucumber/vm/vm.feature:61&amp;#27;[0m
  &amp;#27;[32mGiven &amp;#27;[0m&amp;#27;[32mthere exists a vending machine&amp;#27;[0m                         &amp;#27;[90m# io.cucumber.vm.StepDefs.thereExistsAVendingMachine()&amp;#27;[0m
  &amp;#27;[32mAnd &amp;#27;[0m&amp;#27;[32mit has &amp;#27;[0m&amp;#27;[32m&amp;#27;[1m10&amp;#27;[0m&amp;#27;[32m &amp;#27;[0m&amp;#27;[32m&amp;#27;[1m&quot;pepsi&quot;&amp;#27;[0m&amp;#27;[32m in its inventory&amp;#27;[0m                       &amp;#27;[90m# io.cucumber.vm.StepDefs.itHasArg0ProductInItsInventory(int,java.lang.String)&amp;#27;[0m
  &amp;#27;[32mWhen &amp;#27;[0m&amp;#27;[32mthe user inserts the &amp;#27;[0m&amp;#27;[32m&amp;#27;[1m2.25&amp;#27;[0m&amp;#27;[32m dollars&amp;#27;[0m                       &amp;#27;[90m# io.cucumber.vm.StepDefs.theUserInsertsTheMoneyDollars(double)&amp;#27;[0m
  &amp;#27;[32mAnd &amp;#27;[0m&amp;#27;[32mselects the &amp;#27;[0m&amp;#27;[32m&amp;#27;[1m&quot;pepsi&quot;&amp;#27;[0m                                      &amp;#27;[90m# io.cucumber.vm.StepDefs.selectsTheProduct(java.lang.String)&amp;#27;[0m
  &amp;#27;[32mAnd &amp;#27;[0m&amp;#27;[32mthe &amp;#27;[0m&amp;#27;[32m&amp;#27;[1m&quot;pepsi&quot;&amp;#27;[0m&amp;#27;[32m leaves the machine&amp;#27;[0m                           &amp;#27;[90m# io.cucumber.vm.StepDefs.theProductLeavesTheMachine(java.lang.String)&amp;#27;[0m
  &amp;#27;[31mThen &amp;#27;[0m&amp;#27;[31mthe inventory stock of &amp;#27;[0m&amp;#27;[31m&amp;#27;[1m&quot;pepsi&quot;&amp;#27;[0m&amp;#27;[31m must be equal to &amp;#27;[0m&amp;#27;[31m&amp;#27;[1m9&amp;#27;[0m&amp;#27;[31m units&amp;#27;[0m &amp;#27;[90m# io.cucumber.vm.StepDefs.theInventoryStockOfProductMustBeEqualToArg0Units(java.lang.String,int)&amp;#27;[0m
      &amp;#27;[31mjava.lang.AssertionError
	at org.junit.Assert.fail(Assert.java:87)
	at org.junit.Assert.assertTrue(Assert.java:42)
	at org.junit.Assert.assertTrue(Assert.java:53)
	at io.cucumber.vm.StepDefs.theInventoryStockOfProductMustBeEqualToArg0Units(StepDefs.java:58)
	at ?.the inventory stock of &quot;pepsi&quot; must be equal to 9 units(classpath:io/cucumber/vm/vm.feature:49)
&amp;#27;[0m
  &amp;#27;[36mAnd &amp;#27;[0m&amp;#27;[36mthe vending machine gives &amp;#27;[0m&amp;#27;[36m&amp;#27;[1m0.00&amp;#27;[0m&amp;#27;[36m back&amp;#27;[0m                      &amp;#27;[90m# io.cucumber.vm.StepDefs.theVendingMachineGivesChangeBack(double)&amp;#27;[0m
</system-out>
  </testcase>
  <testcase classname="Vending Machine" name="user give less money than the price of the product" time="0.022">
    <skipped/>
    <system-out>
@tag @tag3
Scenario Outline: user give less money than the price of the product &amp;#27;[90m# io/cucumber/vm/vm.feature:73&amp;#27;[0m
  &amp;#27;[32mGiven &amp;#27;[0m&amp;#27;[32mthere exists a vending machine&amp;#27;[0m                               &amp;#27;[90m# io.cucumber.vm.StepDefs.thereExistsAVendingMachine()&amp;#27;[0m
  &amp;#27;[32mAnd &amp;#27;[0m&amp;#27;[32mit has &amp;#27;[0m&amp;#27;[32m&amp;#27;[1m10&amp;#27;[0m&amp;#27;[32m &amp;#27;[0m&amp;#27;[32m&amp;#27;[1m&quot;chips&quot;&amp;#27;[0m&amp;#27;[32m in its inventory&amp;#27;[0m                             &amp;#27;[90m# io.cucumber.vm.StepDefs.itHasArg0ProductInItsInventory(int,java.lang.String)&amp;#27;[0m
  &amp;#27;[32mWhen &amp;#27;[0m&amp;#27;[32mthe user insert the &amp;#27;[0m&amp;#27;[32m&amp;#27;[1m1.00&amp;#27;[0m                                      &amp;#27;[90m# io.cucumber.vm.StepDefs.theUserInsertTheMoney(double)&amp;#27;[0m
  &amp;#27;[32mAnd &amp;#27;[0m&amp;#27;[32mpresses the button with the code for the product&amp;#27;[0m               &amp;#27;[90m# io.cucumber.vm.StepDefs.pressesTheButtonWithTheCodeForTheProduct()&amp;#27;[0m
  &amp;#27;[33mThen &amp;#27;[0m&amp;#27;[33mthe vending machine asks for 1.00 dollars&amp;#27;[0m                     &amp;#27;[90m# null&amp;#27;[0m
</system-out>
  </testcase>
  <testcase classname="Vending Machine" name="user give less money than the price of the product" time="0">
    <skipped/>
    <system-out>
@tag @tag3
Scenario Outline: user give less money than the price of the product &amp;#27;[90m# io/cucumber/vm/vm.feature:74&amp;#27;[0m
  &amp;#27;[32mGiven &amp;#27;[0m&amp;#27;[32mthere exists a vending machine&amp;#27;[0m                               &amp;#27;[90m# io.cucumber.vm.StepDefs.thereExistsAVendingMachine()&amp;#27;[0m
  &amp;#27;[32mAnd &amp;#27;[0m&amp;#27;[32mit has &amp;#27;[0m&amp;#27;[32m&amp;#27;[1m10&amp;#27;[0m&amp;#27;[32m &amp;#27;[0m&amp;#27;[32m&amp;#27;[1m&quot;chocolate&quot;&amp;#27;[0m&amp;#27;[32m in its inventory&amp;#27;[0m                         &amp;#27;[90m# io.cucumber.vm.StepDefs.itHasArg0ProductInItsInventory(int,java.lang.String)&amp;#27;[0m
  &amp;#27;[32mWhen &amp;#27;[0m&amp;#27;[32mthe user insert the &amp;#27;[0m&amp;#27;[32m&amp;#27;[1m2.00&amp;#27;[0m                                      &amp;#27;[90m# io.cucumber.vm.StepDefs.theUserInsertTheMoney(double)&amp;#27;[0m
  &amp;#27;[32mAnd &amp;#27;[0m&amp;#27;[32mpresses the button with the code for the product&amp;#27;[0m               &amp;#27;[90m# io.cucumber.vm.StepDefs.pressesTheButtonWithTheCodeForTheProduct()&amp;#27;[0m
  &amp;#27;[33mThen &amp;#27;[0m&amp;#27;[33mthe vending machine asks for 0.50 dollars&amp;#27;[0m                     &amp;#27;[90m# null&amp;#27;[0m
</system-out>
  </testcase>
  <testcase classname="Vending Machine" name="user give less money than the price of the product" time="0">
    <skipped/>
    <system-out>
@tag @tag3
Scenario Outline: user give less money than the price of the product &amp;#27;[90m# io/cucumber/vm/vm.feature:75&amp;#27;[0m
  &amp;#27;[32mGiven &amp;#27;[0m&amp;#27;[32mthere exists a vending machine&amp;#27;[0m                               &amp;#27;[90m# io.cucumber.vm.StepDefs.thereExistsAVendingMachine()&amp;#27;[0m
  &amp;#27;[32mAnd &amp;#27;[0m&amp;#27;[32mit has &amp;#27;[0m&amp;#27;[32m&amp;#27;[1m10&amp;#27;[0m&amp;#27;[32m &amp;#27;[0m&amp;#27;[32m&amp;#27;[1m&quot;cookie&quot;&amp;#27;[0m&amp;#27;[32m in its inventory&amp;#27;[0m                            &amp;#27;[90m# io.cucumber.vm.StepDefs.itHasArg0ProductInItsInventory(int,java.lang.String)&amp;#27;[0m
  &amp;#27;[32mWhen &amp;#27;[0m&amp;#27;[32mthe user insert the &amp;#27;[0m&amp;#27;[32m&amp;#27;[1m1.50&amp;#27;[0m                                      &amp;#27;[90m# io.cucumber.vm.StepDefs.theUserInsertTheMoney(double)&amp;#27;[0m
  &amp;#27;[32mAnd &amp;#27;[0m&amp;#27;[32mpresses the button with the code for the product&amp;#27;[0m               &amp;#27;[90m# io.cucumber.vm.StepDefs.pressesTheButtonWithTheCodeForTheProduct()&amp;#27;[0m
  &amp;#27;[33mThen &amp;#27;[0m&amp;#27;[33mthe vending machine asks for 0.25 dollars&amp;#27;[0m                     &amp;#27;[90m# null&amp;#27;[0m
</system-out>
  </testcase>
  <testcase classname="Vending Machine" name="user give less money than the price of the product" time="0">
    <skipped/>
    <system-out>
@tag @tag3
Scenario Outline: user give less money than the price of the product &amp;#27;[90m# io/cucumber/vm/vm.feature:76&amp;#27;[0m
  &amp;#27;[32mGiven &amp;#27;[0m&amp;#27;[32mthere exists a vending machine&amp;#27;[0m                               &amp;#27;[90m# io.cucumber.vm.StepDefs.thereExistsAVendingMachine()&amp;#27;[0m
  &amp;#27;[32mAnd &amp;#27;[0m&amp;#27;[32mit has &amp;#27;[0m&amp;#27;[32m&amp;#27;[1m10&amp;#27;[0m&amp;#27;[32m &amp;#27;[0m&amp;#27;[32m&amp;#27;[1m&quot;candy&quot;&amp;#27;[0m&amp;#27;[32m in its inventory&amp;#27;[0m                             &amp;#27;[90m# io.cucumber.vm.StepDefs.itHasArg0ProductInItsInventory(int,java.lang.String)&amp;#27;[0m
  &amp;#27;[32mWhen &amp;#27;[0m&amp;#27;[32mthe user insert the &amp;#27;[0m&amp;#27;[32m&amp;#27;[1m0.50&amp;#27;[0m                                      &amp;#27;[90m# io.cucumber.vm.StepDefs.theUserInsertTheMoney(double)&amp;#27;[0m
  &amp;#27;[32mAnd &amp;#27;[0m&amp;#27;[32mpresses the button with the code for the product&amp;#27;[0m               &amp;#27;[90m# io.cucumber.vm.StepDefs.pressesTheButtonWithTheCodeForTheProduct()&amp;#27;[0m
  &amp;#27;[33mThen &amp;#27;[0m&amp;#27;[33mthe vending machine asks for 1.00 dollars&amp;#27;[0m                     &amp;#27;[90m# null&amp;#27;[0m
</system-out>
  </testcase>
  <testcase classname="Vending Machine" name="user give less money than the price of the product" time="0.016">
    <skipped/>
    <system-out>
@tag @tag3
Scenario Outline: user give less money than the price of the product &amp;#27;[90m# io/cucumber/vm/vm.feature:77&amp;#27;[0m
  &amp;#27;[32mGiven &amp;#27;[0m&amp;#27;[32mthere exists a vending machine&amp;#27;[0m                               &amp;#27;[90m# io.cucumber.vm.StepDefs.thereExistsAVendingMachine()&amp;#27;[0m
  &amp;#27;[32mAnd &amp;#27;[0m&amp;#27;[32mit has &amp;#27;[0m&amp;#27;[32m&amp;#27;[1m10&amp;#27;[0m&amp;#27;[32m &amp;#27;[0m&amp;#27;[32m&amp;#27;[1m&quot;juice&quot;&amp;#27;[0m&amp;#27;[32m in its inventory&amp;#27;[0m                             &amp;#27;[90m# io.cucumber.vm.StepDefs.itHasArg0ProductInItsInventory(int,java.lang.String)&amp;#27;[0m
  &amp;#27;[32mWhen &amp;#27;[0m&amp;#27;[32mthe user insert the &amp;#27;[0m&amp;#27;[32m&amp;#27;[1m1.25&amp;#27;[0m                                      &amp;#27;[90m# io.cucumber.vm.StepDefs.theUserInsertTheMoney(double)&amp;#27;[0m
  &amp;#27;[32mAnd &amp;#27;[0m&amp;#27;[32mpresses the button with the code for the product&amp;#27;[0m               &amp;#27;[90m# io.cucumber.vm.StepDefs.pressesTheButtonWithTheCodeForTheProduct()&amp;#27;[0m
  &amp;#27;[33mThen &amp;#27;[0m&amp;#27;[33mthe vending machine asks for 2.00 dollars&amp;#27;[0m                     &amp;#27;[90m# null&amp;#27;[0m
</system-out>
  </testcase>
  <testcase classname="Vending Machine" name="user give less money than the price of the product" time="0">
    <skipped/>
    <system-out>
@tag @tag3
Scenario Outline: user give less money than the price of the product &amp;#27;[90m# io/cucumber/vm/vm.feature:78&amp;#27;[0m
  &amp;#27;[32mGiven &amp;#27;[0m&amp;#27;[32mthere exists a vending machine&amp;#27;[0m                               &amp;#27;[90m# io.cucumber.vm.StepDefs.thereExistsAVendingMachine()&amp;#27;[0m
  &amp;#27;[32mAnd &amp;#27;[0m&amp;#27;[32mit has &amp;#27;[0m&amp;#27;[32m&amp;#27;[1m10&amp;#27;[0m&amp;#27;[32m &amp;#27;[0m&amp;#27;[32m&amp;#27;[1m&quot;water&quot;&amp;#27;[0m&amp;#27;[32m in its inventory&amp;#27;[0m                             &amp;#27;[90m# io.cucumber.vm.StepDefs.itHasArg0ProductInItsInventory(int,java.lang.String)&amp;#27;[0m
  &amp;#27;[32mWhen &amp;#27;[0m&amp;#27;[32mthe user insert the &amp;#27;[0m&amp;#27;[32m&amp;#27;[1m0.75&amp;#27;[0m                                      &amp;#27;[90m# io.cucumber.vm.StepDefs.theUserInsertTheMoney(double)&amp;#27;[0m
  &amp;#27;[32mAnd &amp;#27;[0m&amp;#27;[32mpresses the button with the code for the product&amp;#27;[0m               &amp;#27;[90m# io.cucumber.vm.StepDefs.pressesTheButtonWithTheCodeForTheProduct()&amp;#27;[0m
  &amp;#27;[33mThen &amp;#27;[0m&amp;#27;[33mthe vending machine asks for 0.75 dollars&amp;#27;[0m                     &amp;#27;[90m# null&amp;#27;[0m
</system-out>
  </testcase>
  <testcase classname="Vending Machine" name="user give less money than the price of the product" time="0">
    <skipped/>
    <system-out>
@tag @tag3
Scenario Outline: user give less money than the price of the product &amp;#27;[90m# io/cucumber/vm/vm.feature:79&amp;#27;[0m
  &amp;#27;[32mGiven &amp;#27;[0m&amp;#27;[32mthere exists a vending machine&amp;#27;[0m                               &amp;#27;[90m# io.cucumber.vm.StepDefs.thereExistsAVendingMachine()&amp;#27;[0m
  &amp;#27;[32mAnd &amp;#27;[0m&amp;#27;[32mit has &amp;#27;[0m&amp;#27;[32m&amp;#27;[1m10&amp;#27;[0m&amp;#27;[32m &amp;#27;[0m&amp;#27;[32m&amp;#27;[1m&quot;coke&quot;&amp;#27;[0m&amp;#27;[32m in its inventory&amp;#27;[0m                              &amp;#27;[90m# io.cucumber.vm.StepDefs.itHasArg0ProductInItsInventory(int,java.lang.String)&amp;#27;[0m
  &amp;#27;[32mWhen &amp;#27;[0m&amp;#27;[32mthe user insert the &amp;#27;[0m&amp;#27;[32m&amp;#27;[1m2.00&amp;#27;[0m                                      &amp;#27;[90m# io.cucumber.vm.StepDefs.theUserInsertTheMoney(double)&amp;#27;[0m
  &amp;#27;[32mAnd &amp;#27;[0m&amp;#27;[32mpresses the button with the code for the product&amp;#27;[0m               &amp;#27;[90m# io.cucumber.vm.StepDefs.pressesTheButtonWithTheCodeForTheProduct()&amp;#27;[0m
  &amp;#27;[33mThen &amp;#27;[0m&amp;#27;[33mthe vending machine asks for 0.25 dollars&amp;#27;[0m                     &amp;#27;[90m# null&amp;#27;[0m
</system-out>
  </testcase>
  <testcase classname="Vending Machine" name="user give less money than the price of the product" time="0">
    <skipped/>
    <system-out>
@tag @tag3
Scenario Outline: user give less money than the price of the product &amp;#27;[90m# io/cucumber/vm/vm.feature:80&amp;#27;[0m
  &amp;#27;[32mGiven &amp;#27;[0m&amp;#27;[32mthere exists a vending machine&amp;#27;[0m                               &amp;#27;[90m# io.cucumber.vm.StepDefs.thereExistsAVendingMachine()&amp;#27;[0m
  &amp;#27;[32mAnd &amp;#27;[0m&amp;#27;[32mit has &amp;#27;[0m&amp;#27;[32m&amp;#27;[1m10&amp;#27;[0m&amp;#27;[32m &amp;#27;[0m&amp;#27;[32m&amp;#27;[1m&quot;pepsi&quot;&amp;#27;[0m&amp;#27;[32m in its inventory&amp;#27;[0m                             &amp;#27;[90m# io.cucumber.vm.StepDefs.itHasArg0ProductInItsInventory(int,java.lang.String)&amp;#27;[0m
  &amp;#27;[32mWhen &amp;#27;[0m&amp;#27;[32mthe user insert the &amp;#27;[0m&amp;#27;[32m&amp;#27;[1m1.25&amp;#27;[0m                                      &amp;#27;[90m# io.cucumber.vm.StepDefs.theUserInsertTheMoney(double)&amp;#27;[0m
  &amp;#27;[32mAnd &amp;#27;[0m&amp;#27;[32mpresses the button with the code for the product&amp;#27;[0m               &amp;#27;[90m# io.cucumber.vm.StepDefs.pressesTheButtonWithTheCodeForTheProduct()&amp;#27;[0m
  &amp;#27;[33mThen &amp;#27;[0m&amp;#27;[33mthe vending machine asks for 1.00 dollars&amp;#27;[0m                     &amp;#27;[90m# null&amp;#27;[0m
</system-out>
  </testcase>
</testsuite>